# JRE version: Java(TM) SE Runtime Environment (14.0+36) (build 14+36-1461)
# Java VM: Java HotSpot(TM) 64-Bit Server VM (14+36-1461, mixed mode, sharing, tiered, compressed oops, g1 gc, windows-amd64)
Heap:
 garbage-first heap   total 286720K, used 186825K [0x0000000081e00000, 0x0000000100000000)
  region size 1024K, 16 young (16384K), 5 survivors (5120K)
 Metaspace       used 9344K, capacity 9533K, committed 9728K, reserved 1058816K
  class space    used 643K, capacity 720K, committed 768K, reserved 1048576K
GC Heap History (20 events):
Event: 1.229 GC heap before
{Heap before GC invocations=4 (full 0):
 garbage-first heap   total 131072K, used 78544K [0x0000000081e00000, 0x0000000100000000)
  region size 1024K, 15 young (15360K), 4 survivors (4096K)
 Metaspace       used 3955K, capacity 4711K, committed 4864K, reserved 1056768K
  class space    used 360K, capacity 467K, committed 512K, reserved 1048576K
}
Event: 1.235 GC heap after
{Heap after GC invocations=5 (full 0):
 garbage-first heap   total 157696K, used 78992K [0x0000000081e00000, 0x0000000100000000)
  region size 1024K, 3 young (3072K), 3 survivors (3072K)
 Metaspace       used 3955K, capacity 4711K, committed 4864K, reserved 1056768K
  class space    used 360K, capacity 467K, committed 512K, reserved 1048576K
}
Event: 1.421 GC heap before
{Heap before GC invocations=6 (full 0):
 garbage-first heap   total 158720K, used 113808K [0x0000000081e00000, 0x0000000100000000)
  region size 1024K, 23 young (23552K), 3 survivors (3072K)
 Metaspace       used 3957K, capacity 4711K, committed 4864K, reserved 1056768K
  class space    used 360K, capacity 467K, committed 512K, reserved 1048576K
}
Event: 1.424 GC heap after
{Heap after GC invocations=7 (full 0):
 garbage-first heap   total 158720K, used 99616K [0x0000000081e00000, 0x0000000100000000)
  region size 1024K, 3 young (3072K), 3 survivors (3072K)
 Metaspace       used 3957K, capacity 4711K, committed 4864K, reserved 1056768K
  class space    used 360K, capacity 467K, committed 512K, reserved 1048576K
}
Event: 1.480 GC heap before
{Heap before GC invocations=7 (full 0):
 garbage-first heap   total 158720K, used 113952K [0x0000000081e00000, 0x0000000100000000)
  region size 1024K, 18 young (18432K), 3 survivors (3072K)
 Metaspace       used 3993K, capacity 4711K, committed 4864K, reserved 1056768K
  class space    used 360K, capacity 467K, committed 512K, reserved 1048576K
}
Event: 1.485 GC heap after
{Heap after GC invocations=8 (full 0):
 garbage-first heap   total 158720K, used 113364K [0x0000000081e00000, 0x0000000100000000)
  region size 1024K, 3 young (3072K), 3 survivors (3072K)
 Metaspace       used 3993K, capacity 4711K, committed 4864K, reserved 1056768K
  class space    used 360K, capacity 467K, committed 512K, reserved 1048576K
}
Event: 1.522 GC heap before
{Heap before GC invocations=9 (full 0):
 garbage-first heap   total 193536K, used 121556K [0x0000000081e00000, 0x0000000100000000)
  region size 1024K, 12 young (12288K), 3 survivors (3072K)
 Metaspace       used 3993K, capacity 4711K, committed 4864K, reserved 1056768K
  class space    used 360K, capacity 467K, committed 512K, reserved 1048576K
}
Event: 1.525 GC heap after
{Heap after GC invocations=10 (full 0):
 garbage-first heap   total 193536K, used 121554K [0x0000000081e00000, 0x0000000100000000)
  region size 1024K, 2 young (2048K), 2 survivors (2048K)
 Metaspace       used 3993K, capacity 4711K, committed 4864K, reserved 1056768K
  class space    used 360K, capacity 467K, committed 512K, reserved 1048576K
}
Event: 1.594 GC heap before
{Heap before GC invocations=10 (full 0):
 garbage-first heap   total 193536K, used 137938K [0x0000000081e00000, 0x0000000100000000)
  region size 1024K, 19 young (19456K), 2 survivors (2048K)
 Metaspace       used 4002K, capacity 4711K, committed 4864K, reserved 1056768K
  class space    used 360K, capacity 467K, committed 512K, reserved 1048576K
}
Event: 1.601 GC heap after
{Heap after GC invocations=11 (full 0):
 garbage-first heap   total 232448K, used 137360K [0x0000000081e00000, 0x0000000100000000)
  region size 1024K, 3 young (3072K), 3 survivors (3072K)
 Metaspace       used 4002K, capacity 4711K, committed 4864K, reserved 1056768K
  class space    used 360K, capacity 467K, committed 512K, reserved 1048576K
}
Event: 1.892 GC heap before
{Heap before GC invocations=12 (full 0):
 garbage-first heap   total 234496K, used 158864K [0x0000000081e00000, 0x0000000100000000)
  region size 1024K, 25 young (25600K), 3 survivors (3072K)
 Metaspace       used 4065K, capacity 4775K, committed 4864K, reserved 1056768K
  class space    used 360K, capacity 467K, committed 512K, reserved 1048576K
}
Event: 1.899 GC heap after
{Heap after GC invocations=13 (full 0):
 garbage-first heap   total 234496K, used 153888K [0x0000000081e00000, 0x0000000100000000)
  region size 1024K, 4 young (4096K), 4 survivors (4096K)
 Metaspace       used 4065K, capacity 4775K, committed 4864K, reserved 1056768K
  class space    used 360K, capacity 467K, committed 512K, reserved 1048576K
}
Event: 2.374 GC heap before
{Heap before GC invocations=13 (full 0):
 garbage-first heap   total 234496K, used 171296K [0x0000000081e00000, 0x0000000100000000)
  region size 1024K, 22 young (22528K), 4 survivors (4096K)
 Metaspace       used 4205K, capacity 4775K, committed 4864K, reserved 1056768K
  class space    used 364K, capacity 467K, committed 512K, reserved 1048576K
}
Event: 2.378 GC heap after
{Heap after GC invocations=14 (full 0):
 garbage-first heap   total 234496K, used 159588K [0x0000000081e00000, 0x0000000100000000)
  region size 1024K, 3 young (3072K), 3 survivors (3072K)
 Metaspace       used 4205K, capacity 4775K, committed 4864K, reserved 1056768K
  class space    used 364K, capacity 467K, committed 512K, reserved 1048576K
}
Event: 2.800 GC heap before
{Heap before GC invocations=15 (full 0):
 garbage-first heap   total 268288K, used 174948K [0x0000000081e00000, 0x0000000100000000)
  region size 1024K, 19 young (19456K), 3 survivors (3072K)
 Metaspace       used 4296K, capacity 4775K, committed 4864K, reserved 1056768K
  class space    used 364K, capacity 467K, committed 512K, reserved 1048576K
}
Event: 2.803 GC heap after
{Heap after GC invocations=16 (full 0):
 garbage-first heap   total 268288K, used 164206K [0x0000000081e00000, 0x0000000100000000)
  region size 1024K, 3 young (3072K), 3 survivors (3072K)
 Metaspace       used 4296K, capacity 4775K, committed 4864K, reserved 1056768K
  class space    used 364K, capacity 467K, committed 512K, reserved 1048576K
}
Event: 3.704 GC heap before
{Heap before GC invocations=16 (full 0):
 garbage-first heap   total 268288K, used 192878K [0x0000000081e00000, 0x0000000100000000)
  region size 1024K, 32 young (32768K), 3 survivors (3072K)
 Metaspace       used 4426K, capacity 4775K, committed 4864K, reserved 1056768K
  class space    used 364K, capacity 467K, committed 512K, reserved 1048576K
}
Event: 3.708 GC heap after
{Heap after GC invocations=17 (full 0):
 garbage-first heap   total 268288K, used 170962K [0x0000000081e00000, 0x0000000100000000)
  region size 1024K, 4 young (4096K), 4 survivors (4096K)
 Metaspace       used 4426K, capacity 4775K, committed 4864K, reserved 1056768K
  class space    used 364K, capacity 467K, committed 512K, reserved 1048576K
}
Event: 5.031 GC heap before
{Heap before GC invocations=18 (full 0):
 garbage-first heap   total 286720K, used 200658K [0x0000000081e00000, 0x0000000100000000)
  region size 1024K, 33 young (33792K), 4 survivors (4096K)
 Metaspace       used 7790K, capacity 7986K, committed 8192K, reserved 1056768K
  class space    used 590K, capacity 652K, committed 768K, reserved 1048576K
}
Event: 5.039 GC heap after
{Heap after GC invocations=19 (full 0):
 garbage-first heap   total 286720K, used 176585K [0x0000000081e00000, 0x0000000100000000)
  region size 1024K, 5 young (5120K), 5 survivors (5120K)
 Metaspace       used 7790K, capacity 7986K, committed 8192K, reserved 1056768K
  class space    used 590K, capacity 652K, committed 768K, reserved 1048576K
}

