# JRE version: Java(TM) SE Runtime Environment (14.0+36) (build 14+36-1461)
# Java VM: Java HotSpot(TM) 64-Bit Server VM (14+36-1461, mixed mode, sharing, tiered, compressed oops, g1 gc, windows-amd64)
Heap:
 garbage-first heap   total 315392K, used 93510K [0x0000000081e00000, 0x0000000100000000)
  region size 1024K, 28 young (28672K), 1 survivors (1024K)
 Metaspace       used 6615K, capacity 8830K, committed 9088K, reserved 1058816K
  class space    used 390K, capacity 632K, committed 640K, reserved 1048576K
GC Heap History (20 events):
Event: 9.284 GC heap before
{Heap before GC invocations=177 (full 0):
 garbage-first heap   total 315392K, used 223306K [0x0000000081e00000, 0x0000000100000000)
  region size 1024K, 184 young (188416K), 1 survivors (1024K)
 Metaspace       used 6201K, capacity 8635K, committed 8832K, reserved 1056768K
  class space    used 354K, capacity 607K, committed 640K, reserved 1048576K
}
Event: 9.285 GC heap after
{Heap after GC invocations=178 (full 0):
 garbage-first heap   total 315392K, used 36939K [0x0000000081e00000, 0x0000000100000000)
  region size 1024K, 1 young (1024K), 1 survivors (1024K)
 Metaspace       used 6201K, capacity 8635K, committed 8832K, reserved 1056768K
  class space    used 354K, capacity 607K, committed 640K, reserved 1048576K
}
Event: 9.319 GC heap before
{Heap before GC invocations=178 (full 0):
 garbage-first heap   total 315392K, used 223307K [0x0000000081e00000, 0x0000000100000000)
  region size 1024K, 184 young (188416K), 1 survivors (1024K)
 Metaspace       used 6201K, capacity 8635K, committed 8832K, reserved 1056768K
  class space    used 354K, capacity 607K, committed 640K, reserved 1048576K
}
Event: 9.320 GC heap after
{Heap after GC invocations=179 (full 0):
 garbage-first heap   total 315392K, used 36941K [0x0000000081e00000, 0x0000000100000000)
  region size 1024K, 1 young (1024K), 1 survivors (1024K)
 Metaspace       used 6201K, capacity 8635K, committed 8832K, reserved 1056768K
  class space    used 354K, capacity 607K, committed 640K, reserved 1048576K
}
Event: 9.355 GC heap before
{Heap before GC invocations=179 (full 0):
 garbage-first heap   total 315392K, used 223309K [0x0000000081e00000, 0x0000000100000000)
  region size 1024K, 184 young (188416K), 1 survivors (1024K)
 Metaspace       used 6201K, capacity 8635K, committed 8832K, reserved 1056768K
  class space    used 354K, capacity 607K, committed 640K, reserved 1048576K
}
Event: 9.356 GC heap after
{Heap after GC invocations=180 (full 0):
 garbage-first heap   total 315392K, used 36943K [0x0000000081e00000, 0x0000000100000000)
  region size 1024K, 1 young (1024K), 1 survivors (1024K)
 Metaspace       used 6201K, capacity 8635K, committed 8832K, reserved 1056768K
  class space    used 354K, capacity 607K, committed 640K, reserved 1048576K
}
Event: 9.403 GC heap before
{Heap before GC invocations=180 (full 0):
 garbage-first heap   total 315392K, used 223311K [0x0000000081e00000, 0x0000000100000000)
  region size 1024K, 184 young (188416K), 1 survivors (1024K)
 Metaspace       used 6279K, capacity 8699K, committed 8832K, reserved 1056768K
  class space    used 355K, capacity 607K, committed 640K, reserved 1048576K
}
Event: 9.404 GC heap after
{Heap after GC invocations=181 (full 0):
 garbage-first heap   total 315392K, used 37002K [0x0000000081e00000, 0x0000000100000000)
  region size 1024K, 1 young (1024K), 1 survivors (1024K)
 Metaspace       used 6279K, capacity 8699K, committed 8832K, reserved 1056768K
  class space    used 355K, capacity 607K, committed 640K, reserved 1048576K
}
Event: 9.445 GC heap before
{Heap before GC invocations=181 (full 0):
 garbage-first heap   total 315392K, used 223370K [0x0000000081e00000, 0x0000000100000000)
  region size 1024K, 184 young (188416K), 1 survivors (1024K)
 Metaspace       used 6279K, capacity 8699K, committed 8832K, reserved 1056768K
  class space    used 355K, capacity 607K, committed 640K, reserved 1048576K
}
Event: 9.446 GC heap after
{Heap after GC invocations=182 (full 0):
 garbage-first heap   total 315392K, used 37065K [0x0000000081e00000, 0x0000000100000000)
  region size 1024K, 1 young (1024K), 1 survivors (1024K)
 Metaspace       used 6279K, capacity 8699K, committed 8832K, reserved 1056768K
  class space    used 355K, capacity 607K, committed 640K, reserved 1048576K
}
Event: 9.491 GC heap before
{Heap before GC invocations=182 (full 0):
 garbage-first heap   total 315392K, used 223433K [0x0000000081e00000, 0x0000000100000000)
  region size 1024K, 184 young (188416K), 1 survivors (1024K)
 Metaspace       used 6279K, capacity 8699K, committed 8832K, reserved 1056768K
  class space    used 355K, capacity 607K, committed 640K, reserved 1048576K
}
Event: 9.492 GC heap after
{Heap after GC invocations=183 (full 0):
 garbage-first heap   total 315392K, used 37116K [0x0000000081e00000, 0x0000000100000000)
  region size 1024K, 1 young (1024K), 1 survivors (1024K)
 Metaspace       used 6279K, capacity 8699K, committed 8832K, reserved 1056768K
  class space    used 355K, capacity 607K, committed 640K, reserved 1048576K
}
Event: 9.535 GC heap before
{Heap before GC invocations=183 (full 0):
 garbage-first heap   total 315392K, used 223484K [0x0000000081e00000, 0x0000000100000000)
  region size 1024K, 184 young (188416K), 1 survivors (1024K)
 Metaspace       used 6279K, capacity 8699K, committed 8832K, reserved 1056768K
  class space    used 355K, capacity 607K, committed 640K, reserved 1048576K
}
Event: 9.536 GC heap after
{Heap after GC invocations=184 (full 0):
 garbage-first heap   total 315392K, used 37145K [0x0000000081e00000, 0x0000000100000000)
  region size 1024K, 1 young (1024K), 1 survivors (1024K)
 Metaspace       used 6279K, capacity 8699K, committed 8832K, reserved 1056768K
  class space    used 355K, capacity 607K, committed 640K, reserved 1048576K
}
Event: 9.579 GC heap before
{Heap before GC invocations=184 (full 0):
 garbage-first heap   total 315392K, used 223513K [0x0000000081e00000, 0x0000000100000000)
  region size 1024K, 184 young (188416K), 1 survivors (1024K)
 Metaspace       used 6285K, capacity 8699K, committed 8832K, reserved 1056768K
  class space    used 355K, capacity 607K, committed 640K, reserved 1048576K
}
Event: 9.580 GC heap after
{Heap after GC invocations=185 (full 0):
 garbage-first heap   total 315392K, used 37161K [0x0000000081e00000, 0x0000000100000000)
  region size 1024K, 1 young (1024K), 1 survivors (1024K)
 Metaspace       used 6285K, capacity 8699K, committed 8832K, reserved 1056768K
  class space    used 355K, capacity 607K, committed 640K, reserved 1048576K
}
Event: 9.622 GC heap before
{Heap before GC invocations=185 (full 0):
 garbage-first heap   total 315392K, used 223529K [0x0000000081e00000, 0x0000000100000000)
  region size 1024K, 184 young (188416K), 1 survivors (1024K)
 Metaspace       used 6285K, capacity 8699K, committed 8832K, reserved 1056768K
  class space    used 355K, capacity 607K, committed 640K, reserved 1048576K
}
Event: 9.623 GC heap after
{Heap after GC invocations=186 (full 0):
 garbage-first heap   total 315392K, used 37178K [0x0000000081e00000, 0x0000000100000000)
  region size 1024K, 1 young (1024K), 1 survivors (1024K)
 Metaspace       used 6285K, capacity 8699K, committed 8832K, reserved 1056768K
  class space    used 355K, capacity 607K, committed 640K, reserved 1048576K
}
Event: 9.662 GC heap before
{Heap before GC invocations=186 (full 0):
 garbage-first heap   total 315392K, used 223546K [0x0000000081e00000, 0x0000000100000000)
  region size 1024K, 184 young (188416K), 1 survivors (1024K)
 Metaspace       used 6285K, capacity 8699K, committed 8832K, reserved 1056768K
  class space    used 355K, capacity 607K, committed 640K, reserved 1048576K
}
Event: 9.662 GC heap after
{Heap after GC invocations=187 (full 0):
 garbage-first heap   total 315392K, used 37190K [0x0000000081e00000, 0x0000000100000000)
  region size 1024K, 1 young (1024K), 1 survivors (1024K)
 Metaspace       used 6285K, capacity 8699K, committed 8832K, reserved 1056768K
  class space    used 355K, capacity 607K, committed 640K, reserved 1048576K
}

