# JRE version: Java(TM) SE Runtime Environment (14.0+36) (build 14+36-1461)
# Java VM: Java HotSpot(TM) 64-Bit Server VM (14+36-1461, mixed mode, sharing, tiered, compressed oops, g1 gc, windows-amd64)
Heap:
 garbage-first heap   total 37888K, used 9075K [0x0000000081e00000, 0x0000000100000000)
  region size 1024K, 2 young (2048K), 1 survivors (1024K)
 Metaspace       used 7927K, capacity 10002K, committed 10240K, reserved 1058816K
  class space    used 446K, capacity 704K, committed 768K, reserved 1048576K
GC Heap History (20 events):
Event: 70.230 GC heap before
{Heap before GC invocations=1994 (full 0):
 garbage-first heap   total 45056K, used 16245K [0x0000000081e00000, 0x0000000100000000)
  region size 1024K, 7 young (7168K), 1 survivors (1024K)
 Metaspace       used 7927K, capacity 10002K, committed 10240K, reserved 1058816K
  class space    used 446K, capacity 704K, committed 768K, reserved 1048576K
}
Event: 70.232 GC heap after
{Heap after GC invocations=1995 (full 0):
 garbage-first heap   total 45056K, used 7027K [0x0000000081e00000, 0x0000000100000000)
  region size 1024K, 1 young (1024K), 1 survivors (1024K)
 Metaspace       used 7927K, capacity 10002K, committed 10240K, reserved 1058816K
  class space    used 446K, capacity 704K, committed 768K, reserved 1048576K
}
Event: 70.273 GC heap before
{Heap before GC invocations=1996 (full 0):
 garbage-first heap   total 45056K, used 16243K [0x0000000081e00000, 0x0000000100000000)
  region size 1024K, 7 young (7168K), 1 survivors (1024K)
 Metaspace       used 7927K, capacity 10002K, committed 10240K, reserved 1058816K
  class space    used 446K, capacity 704K, committed 768K, reserved 1048576K
}
Event: 70.273 GC heap after
{Heap after GC invocations=1997 (full 0):
 garbage-first heap   total 45056K, used 7027K [0x0000000081e00000, 0x0000000100000000)
  region size 1024K, 1 young (1024K), 1 survivors (1024K)
 Metaspace       used 7927K, capacity 10002K, committed 10240K, reserved 1058816K
  class space    used 446K, capacity 704K, committed 768K, reserved 1048576K
}
Event: 70.328 GC heap before
{Heap before GC invocations=1998 (full 0):
 garbage-first heap   total 45056K, used 16243K [0x0000000081e00000, 0x0000000100000000)
  region size 1024K, 7 young (7168K), 1 survivors (1024K)
 Metaspace       used 7927K, capacity 10002K, committed 10240K, reserved 1058816K
  class space    used 446K, capacity 704K, committed 768K, reserved 1048576K
}
Event: 70.329 GC heap after
{Heap after GC invocations=1999 (full 0):
 garbage-first heap   total 57344K, used 7027K [0x0000000081e00000, 0x0000000100000000)
  region size 1024K, 1 young (1024K), 1 survivors (1024K)
 Metaspace       used 7927K, capacity 10002K, committed 10240K, reserved 1058816K
  class space    used 446K, capacity 704K, committed 768K, reserved 1048576K
}
Event: 70.371 GC heap before
{Heap before GC invocations=2000 (full 0):
 garbage-first heap   total 37888K, used 16243K [0x0000000081e00000, 0x0000000100000000)
  region size 1024K, 7 young (7168K), 1 survivors (1024K)
 Metaspace       used 7927K, capacity 10002K, committed 10240K, reserved 1058816K
  class space    used 446K, capacity 704K, committed 768K, reserved 1048576K
}
Event: 70.371 GC heap after
{Heap after GC invocations=2001 (full 0):
 garbage-first heap   total 37888K, used 7029K [0x0000000081e00000, 0x0000000100000000)
  region size 1024K, 1 young (1024K), 1 survivors (1024K)
 Metaspace       used 7927K, capacity 10002K, committed 10240K, reserved 1058816K
  class space    used 446K, capacity 704K, committed 768K, reserved 1048576K
}
Event: 70.413 GC heap before
{Heap before GC invocations=2002 (full 0):
 garbage-first heap   total 37888K, used 16245K [0x0000000081e00000, 0x0000000100000000)
  region size 1024K, 7 young (7168K), 1 survivors (1024K)
 Metaspace       used 7927K, capacity 10002K, committed 10240K, reserved 1058816K
  class space    used 446K, capacity 704K, committed 768K, reserved 1048576K
}
Event: 70.414 GC heap after
{Heap after GC invocations=2003 (full 0):
 garbage-first heap   total 37888K, used 7029K [0x0000000081e00000, 0x0000000100000000)
  region size 1024K, 1 young (1024K), 1 survivors (1024K)
 Metaspace       used 7927K, capacity 10002K, committed 10240K, reserved 1058816K
  class space    used 446K, capacity 704K, committed 768K, reserved 1048576K
}
Event: 70.444 GC heap before
{Heap before GC invocations=2004 (full 0):
 garbage-first heap   total 37888K, used 9077K [0x0000000081e00000, 0x0000000100000000)
  region size 1024K, 2 young (2048K), 1 survivors (1024K)
 Metaspace       used 7927K, capacity 10002K, committed 10240K, reserved 1058816K
  class space    used 446K, capacity 704K, committed 768K, reserved 1048576K
}
Event: 70.445 GC heap after
{Heap after GC invocations=2005 (full 0):
 garbage-first heap   total 37888K, used 7027K [0x0000000081e00000, 0x0000000100000000)
  region size 1024K, 1 young (1024K), 1 survivors (1024K)
 Metaspace       used 7927K, capacity 10002K, committed 10240K, reserved 1058816K
  class space    used 446K, capacity 704K, committed 768K, reserved 1048576K
}
Event: 70.503 GC heap before
{Heap before GC invocations=2006 (full 0):
 garbage-first heap   total 37888K, used 13171K [0x0000000081e00000, 0x0000000100000000)
  region size 1024K, 6 young (6144K), 1 survivors (1024K)
 Metaspace       used 7927K, capacity 10002K, committed 10240K, reserved 1058816K
  class space    used 446K, capacity 704K, committed 768K, reserved 1048576K
}
Event: 70.504 GC heap after
{Heap after GC invocations=2007 (full 0):
 garbage-first heap   total 46080K, used 7027K [0x0000000081e00000, 0x0000000100000000)
  region size 1024K, 1 young (1024K), 1 survivors (1024K)
 Metaspace       used 7927K, capacity 10002K, committed 10240K, reserved 1058816K
  class space    used 446K, capacity 704K, committed 768K, reserved 1048576K
}
Event: 70.606 GC heap before
{Heap before GC invocations=2008 (full 0):
 garbage-first heap   total 45056K, used 16243K [0x0000000081e00000, 0x0000000100000000)
  region size 1024K, 7 young (7168K), 1 survivors (1024K)
 Metaspace       used 7927K, capacity 10002K, committed 10240K, reserved 1058816K
  class space    used 446K, capacity 704K, committed 768K, reserved 1048576K
}
Event: 70.608 GC heap after
{Heap after GC invocations=2009 (full 0):
 garbage-first heap   total 45056K, used 7027K [0x0000000081e00000, 0x0000000100000000)
  region size 1024K, 1 young (1024K), 1 survivors (1024K)
 Metaspace       used 7927K, capacity 10002K, committed 10240K, reserved 1058816K
  class space    used 446K, capacity 704K, committed 768K, reserved 1048576K
}
Event: 70.677 GC heap before
{Heap before GC invocations=2010 (full 0):
 garbage-first heap   total 37888K, used 16243K [0x0000000081e00000, 0x0000000100000000)
  region size 1024K, 7 young (7168K), 1 survivors (1024K)
 Metaspace       used 7927K, capacity 10002K, committed 10240K, reserved 1058816K
  class space    used 446K, capacity 704K, committed 768K, reserved 1048576K
}
Event: 70.678 GC heap after
{Heap after GC invocations=2011 (full 0):
 garbage-first heap   total 37888K, used 7027K [0x0000000081e00000, 0x0000000100000000)
  region size 1024K, 1 young (1024K), 1 survivors (1024K)
 Metaspace       used 7927K, capacity 10002K, committed 10240K, reserved 1058816K
  class space    used 446K, capacity 704K, committed 768K, reserved 1048576K
}
Event: 70.712 GC heap before
{Heap before GC invocations=2012 (full 0):
 garbage-first heap   total 37888K, used 9075K [0x0000000081e00000, 0x0000000100000000)
  region size 1024K, 2 young (2048K), 1 survivors (1024K)
 Metaspace       used 7927K, capacity 10002K, committed 10240K, reserved 1058816K
  class space    used 446K, capacity 704K, committed 768K, reserved 1048576K
}
Event: 70.714 GC heap after
{Heap after GC invocations=2013 (full 0):
 garbage-first heap   total 37888K, used 7027K [0x0000000081e00000, 0x0000000100000000)
  region size 1024K, 1 young (1024K), 1 survivors (1024K)
 Metaspace       used 7927K, capacity 10002K, committed 10240K, reserved 1058816K
  class space    used 446K, capacity 704K, committed 768K, reserved 1048576K
}

