# JRE version: Java(TM) SE Runtime Environment (14.0+36) (build 14+36-1461)
# Java VM: Java HotSpot(TM) 64-Bit Server VM (14+36-1461, mixed mode, sharing, tiered, compressed oops, g1 gc, windows-amd64)
Heap:
 garbage-first heap   total 189440K, used 110453K [0x0000000081e00000, 0x0000000100000000)
  region size 1024K, 54 young (55296K), 10 survivors (10240K)
 Metaspace       used 7854K, capacity 9842K, committed 9984K, reserved 1058816K
  class space    used 442K, capacity 672K, committed 768K, reserved 1048576K
GC Heap History (20 events):
Event: 4.963 GC heap before
{Heap before GC invocations=2 (full 0):
 garbage-first heap   total 131072K, used 80529K [0x0000000081e00000, 0x0000000100000000)
  region size 1024K, 76 young (77824K), 2 survivors (2048K)
 Metaspace       used 7818K, capacity 9842K, committed 9984K, reserved 1058816K
  class space    used 442K, capacity 672K, committed 768K, reserved 1048576K
}
Event: 5.001 GC heap after
{Heap after GC invocations=3 (full 0):
 garbage-first heap   total 131072K, used 15269K [0x0000000081e00000, 0x0000000100000000)
  region size 1024K, 10 young (10240K), 10 survivors (10240K)
 Metaspace       used 7818K, capacity 9842K, committed 9984K, reserved 1058816K
  class space    used 442K, capacity 672K, committed 768K, reserved 1048576K
}
Event: 7.931 GC heap before
{Heap before GC invocations=3 (full 0):
 garbage-first heap   total 131072K, used 72613K [0x0000000081e00000, 0x0000000100000000)
  region size 1024K, 66 young (67584K), 10 survivors (10240K)
 Metaspace       used 7831K, capacity 9842K, committed 9984K, reserved 1058816K
  class space    used 442K, capacity 672K, committed 768K, reserved 1048576K
}
Event: 7.985 GC heap after
{Heap after GC invocations=4 (full 0):
 garbage-first heap   total 131072K, used 22898K [0x0000000081e00000, 0x0000000100000000)
  region size 1024K, 9 young (9216K), 9 survivors (9216K)
 Metaspace       used 7831K, capacity 9842K, committed 9984K, reserved 1058816K
  class space    used 442K, capacity 672K, committed 768K, reserved 1048576K
}
Event: 10.957 GC heap before
{Heap before GC invocations=4 (full 0):
 garbage-first heap   total 131072K, used 77170K [0x0000000081e00000, 0x0000000100000000)
  region size 1024K, 62 young (63488K), 9 survivors (9216K)
 Metaspace       used 7839K, capacity 9842K, committed 9984K, reserved 1058816K
  class space    used 442K, capacity 672K, committed 768K, reserved 1048576K
}
Event: 11.004 GC heap after
{Heap after GC invocations=5 (full 0):
 garbage-first heap   total 157696K, used 27032K [0x0000000081e00000, 0x0000000100000000)
  region size 1024K, 8 young (8192K), 8 survivors (8192K)
 Metaspace       used 7839K, capacity 9842K, committed 9984K, reserved 1058816K
  class space    used 442K, capacity 672K, committed 768K, reserved 1048576K
}
Event: 14.054 GC heap before
{Heap before GC invocations=5 (full 0):
 garbage-first heap   total 157696K, used 92568K [0x0000000081e00000, 0x0000000100000000)
  region size 1024K, 72 young (73728K), 8 survivors (8192K)
 Metaspace       used 7845K, capacity 9842K, committed 9984K, reserved 1058816K
  class space    used 442K, capacity 672K, committed 768K, reserved 1048576K
}
Event: 14.103 GC heap after
{Heap after GC invocations=6 (full 0):
 garbage-first heap   total 157696K, used 34474K [0x0000000081e00000, 0x0000000100000000)
  region size 1024K, 9 young (9216K), 9 survivors (9216K)
 Metaspace       used 7845K, capacity 9842K, committed 9984K, reserved 1058816K
  class space    used 442K, capacity 672K, committed 768K, reserved 1048576K
}
Event: 17.834 GC heap before
{Heap before GC invocations=6 (full 0):
 garbage-first heap   total 157696K, used 97962K [0x0000000081e00000, 0x0000000100000000)
  region size 1024K, 71 young (72704K), 9 survivors (9216K)
 Metaspace       used 7846K, capacity 9842K, committed 9984K, reserved 1058816K
  class space    used 442K, capacity 672K, committed 768K, reserved 1048576K
}
Event: 17.889 GC heap after
{Heap after GC invocations=7 (full 0):
 garbage-first heap   total 157696K, used 39640K [0x0000000081e00000, 0x0000000100000000)
  region size 1024K, 9 young (9216K), 9 survivors (9216K)
 Metaspace       used 7846K, capacity 9842K, committed 9984K, reserved 1058816K
  class space    used 442K, capacity 672K, committed 768K, reserved 1048576K
}
Event: 22.105 GC heap before
{Heap before GC invocations=7 (full 0):
 garbage-first heap   total 157696K, used 101080K [0x0000000081e00000, 0x0000000100000000)
  region size 1024K, 69 young (70656K), 9 survivors (9216K)
 Metaspace       used 7847K, capacity 9842K, committed 9984K, reserved 1058816K
  class space    used 442K, capacity 672K, committed 768K, reserved 1048576K
}
Event: 22.164 GC heap after
{Heap after GC invocations=8 (full 0):
 garbage-first heap   total 157696K, used 45014K [0x0000000081e00000, 0x0000000100000000)
  region size 1024K, 9 young (9216K), 9 survivors (9216K)
 Metaspace       used 7847K, capacity 9842K, committed 9984K, reserved 1058816K
  class space    used 442K, capacity 672K, committed 768K, reserved 1048576K
}
Event: 28.668 GC heap before
{Heap before GC invocations=8 (full 0):
 garbage-first heap   total 157696K, used 102358K [0x0000000081e00000, 0x0000000100000000)
  region size 1024K, 65 young (66560K), 9 survivors (9216K)
 Metaspace       used 7851K, capacity 9842K, committed 9984K, reserved 1058816K
  class space    used 442K, capacity 672K, committed 768K, reserved 1048576K
}
Event: 28.715 GC heap after
{Heap after GC invocations=9 (full 0):
 garbage-first heap   total 189440K, used 47726K [0x0000000081e00000, 0x0000000100000000)
  region size 1024K, 9 young (9216K), 9 survivors (9216K)
 Metaspace       used 7851K, capacity 9842K, committed 9984K, reserved 1058816K
  class space    used 442K, capacity 672K, committed 768K, reserved 1048576K
}
Event: 40.128 GC heap before
{Heap before GC invocations=9 (full 0):
 garbage-first heap   total 189440K, used 121454K [0x0000000081e00000, 0x0000000100000000)
  region size 1024K, 81 young (82944K), 9 survivors (9216K)
 Metaspace       used 7853K, capacity 9842K, committed 9984K, reserved 1058816K
  class space    used 442K, capacity 672K, committed 768K, reserved 1048576K
}
Event: 40.198 GC heap after
{Heap after GC invocations=10 (full 0):
 garbage-first heap   total 189440K, used 53968K [0x0000000081e00000, 0x0000000100000000)
  region size 1024K, 11 young (11264K), 11 survivors (11264K)
 Metaspace       used 7853K, capacity 9842K, committed 9984K, reserved 1058816K
  class space    used 442K, capacity 672K, committed 768K, reserved 1048576K
}
Event: 46.224 GC heap before
{Heap before GC invocations=10 (full 0):
 garbage-first heap   total 189440K, used 124624K [0x0000000081e00000, 0x0000000100000000)
  region size 1024K, 80 young (81920K), 11 survivors (11264K)
 Metaspace       used 7854K, capacity 9842K, committed 9984K, reserved 1058816K
  class space    used 442K, capacity 672K, committed 768K, reserved 1048576K
}
Event: 46.279 GC heap after
{Heap after GC invocations=11 (full 0):
 garbage-first heap   total 189440K, used 60131K [0x0000000081e00000, 0x0000000100000000)
  region size 1024K, 10 young (10240K), 10 survivors (10240K)
 Metaspace       used 7854K, capacity 9842K, committed 9984K, reserved 1058816K
  class space    used 442K, capacity 672K, committed 768K, reserved 1048576K
}
Event: 52.877 GC heap before
{Heap before GC invocations=11 (full 0):
 garbage-first heap   total 189440K, used 125667K [0x0000000081e00000, 0x0000000100000000)
  region size 1024K, 74 young (75776K), 10 survivors (10240K)
 Metaspace       used 7854K, capacity 9842K, committed 9984K, reserved 1058816K
  class space    used 442K, capacity 672K, committed 768K, reserved 1048576K
}
Event: 52.930 GC heap after
{Heap after GC invocations=12 (full 0):
 garbage-first heap   total 189440K, used 66421K [0x0000000081e00000, 0x0000000100000000)
  region size 1024K, 10 young (10240K), 10 survivors (10240K)
 Metaspace       used 7854K, capacity 9842K, committed 9984K, reserved 1058816K
  class space    used 442K, capacity 672K, committed 768K, reserved 1048576K
}

